#! /usr/bin/vvp
:ivl_version "11.0 (stable)";
:ivl_delay_selection "TYPICAL";
:vpi_time_precision - 12;
:vpi_module "/usr/lib/x86_64-linux-gnu/ivl/system.vpi";
:vpi_module "/usr/lib/x86_64-linux-gnu/ivl/vhdl_sys.vpi";
:vpi_module "/usr/lib/x86_64-linux-gnu/ivl/vhdl_textio.vpi";
:vpi_module "/usr/lib/x86_64-linux-gnu/ivl/v2005_math.vpi";
:vpi_module "/usr/lib/x86_64-linux-gnu/ivl/va_math.vpi";
:vpi_module "/usr/lib/x86_64-linux-gnu/ivl/v2009.vpi";
S_0x6203ea7a61d0 .scope package, "$unit" "$unit" 2 1;
 .timescale 0 0;
S_0x6203ea7a5ac0 .scope package, "riscv_defs" "riscv_defs" 3 5;
 .timescale 0 0;
P_0x6203ea76a8c0 .param/l "FUNCT3_ADDI" 1 3 28, C4<000>;
P_0x6203ea76a900 .param/l "FUNCT3_ADD_SUB" 1 3 27, C4<000>;
P_0x6203ea76a940 .param/l "FUNCT3_BEQ" 1 3 30, C4<000>;
P_0x6203ea76a980 .param/l "FUNCT3_LW_SW" 1 3 29, C4<010>;
P_0x6203ea76a9c0 .param/l "FUNCT7_ADD" 1 3 35, C4<0000000>;
P_0x6203ea76aa00 .param/l "FUNCT7_SUB" 1 3 36, C4<0100000>;
P_0x6203ea76aa40 .param/l "OPCODE_BRANCH" 1 3 21, C4<1100011>;
P_0x6203ea76aa80 .param/l "OPCODE_JAL" 1 3 22, C4<1101111>;
P_0x6203ea76aac0 .param/l "OPCODE_LOAD" 1 3 19, C4<0000011>;
P_0x6203ea76ab00 .param/l "OPCODE_OP" 1 3 17, C4<0110011>;
P_0x6203ea76ab40 .param/l "OPCODE_OP_IMM" 1 3 18, C4<0010011>;
P_0x6203ea76ab80 .param/l "OPCODE_STORE" 1 3 20, C4<0100011>;
P_0x6203ea76abc0 .param/l "REG_ADDRW" 0 3 12, +C4<00000000000000000000000000000011>;
P_0x6203ea76ac00 .param/l "REG_COUNT" 0 3 11, +C4<00000000000000000000000000001000>;
P_0x6203ea76ac40 .param/l "XLEN" 0 3 10, +C4<00000000000000000000000000100000>;
enum0x6203ea724b80 .enum4 (3)
   "ALU_ADD" 3'b000,
   "ALU_SUB" 3'b001,
   "ALU_PASS" 3'b010
 ;
enum0x6203ea7254e0 .enum4 (2)
   "WB_NONE" 2'b00,
   "WB_ALU" 2'b01,
   "WB_MEM" 2'b10,
   "WB_PC4" 2'b11
 ;
enum0x6203ea75a330 .enum4 (2)
   "PC_PLUS_4" 2'b00,
   "PC_BRANCH" 2'b01,
   "PC_JUMP" 2'b10
 ;
enum0x6203ea75a9a0 .enum4 (3)
   "INSTR_R" 3'b000,
   "INSTR_I" 3'b001,
   "INSTR_S" 3'b010,
   "INSTR_B" 3'b011,
   "INSTR_J" 3'b100
 ;
S_0x6203ea77e920 .scope module, "tb_core" "tb_core" 4 3;
 .timescale -9 -12;
v0x6203ea7e6990_0 .var "clk", 0 0;
v0x6203ea7e6a30_0 .var "rst_n", 0 0;
S_0x6203ea77eab0 .scope module, "dut" "core_top" 4 17, 5 5 0, S_0x6203ea77e920;
 .timescale 0 0;
    .port_info 0 /INPUT 1 "clk";
    .port_info 1 /INPUT 1 "rst_n";
L_0x6203ea7c3450 .functor BUFZ 32, L_0x6203ea7e6af0, C4<00000000000000000000000000000000>, C4<00000000000000000000000000000000>, C4<00000000000000000000000000000000>;
v0x6203ea7e4d10_0 .net *"_ivl_0", 31 0, L_0x6203ea7e6af0;  1 drivers
v0x6203ea7e4e10_0 .net *"_ivl_3", 7 0, L_0x6203ea7e6b90;  1 drivers
v0x6203ea7e4ef0_0 .net *"_ivl_4", 9 0, L_0x6203ea7e6c30;  1 drivers
L_0x7c48bdc9f018 .functor BUFT 1, C4<00>, C4<0>, C4<0>, C4<0>;
v0x6203ea7e4fe0_0 .net *"_ivl_7", 1 0, L_0x7c48bdc9f018;  1 drivers
v0x6203ea7e50c0_0 .net "alu_op", 2 0, v0x6203ea7849d0_0;  1 drivers
v0x6203ea7e51d0_0 .net "alu_result", 31 0, v0x6203ea7deb60_0;  1 drivers
v0x6203ea7e5290_0 .net "branch_taken", 0 0, v0x6203ea7dec00_0;  1 drivers
v0x6203ea7e5380_0 .net "clk", 0 0, v0x6203ea7e6990_0;  1 drivers
v0x6203ea7e5420_0 .net "imm", 31 0, v0x6203ea7b4980_0;  1 drivers
v0x6203ea7e5550_0 .net "instr", 31 0, L_0x6203ea7c3450;  1 drivers
v0x6203ea7e5610 .array "instr_mem", 255 0, 31 0;
v0x6203ea7e56b0_0 .net "instr_type", 2 0, v0x6203ea7dd6a0_0;  1 drivers
v0x6203ea7e5770_0 .net "is_branch", 0 0, v0x6203ea7dd780_0;  1 drivers
v0x6203ea7e5810_0 .net "is_jump", 0 0, v0x6203ea7dd840_0;  1 drivers
v0x6203ea7e58b0_0 .net "is_load", 0 0, v0x6203ea7dd900_0;  1 drivers
v0x6203ea7e5950_0 .net "is_store", 0 0, v0x6203ea7dd9c0_0;  1 drivers
v0x6203ea7e59f0_0 .net "load_data", 31 0, v0x6203ea7e03d0_0;  1 drivers
v0x6203ea7e5bd0_0 .net "mem_addr", 31 0, v0x6203ea7defb0_0;  1 drivers
v0x6203ea7e5cc0_0 .net "pc", 31 0, v0x6203ea7e3820_0;  1 drivers
v0x6203ea7e5d60_0 .net "pc_plus4", 31 0, L_0x6203ea7f6e70;  1 drivers
v0x6203ea7e5e30_0 .net "pc_sel", 1 0, v0x6203ea7ddb60_0;  1 drivers
v0x6203ea7e5f20_0 .net "rd_idx", 2 0, L_0x6203ea7f7650;  1 drivers
v0x6203ea7e6030_0 .net "rs1_data", 31 0, v0x6203ea7e4750_0;  1 drivers
v0x6203ea7e6140_0 .net "rs1_idx", 2 0, L_0x6203ea7f7470;  1 drivers
v0x6203ea7e6250_0 .net "rs2_data", 31 0, v0x6203ea7e4900_0;  1 drivers
v0x6203ea7e6310_0 .net "rs2_idx", 2 0, L_0x6203ea7f7510;  1 drivers
v0x6203ea7e6420_0 .net "rst_n", 0 0, v0x6203ea7e6a30_0;  1 drivers
v0x6203ea7e6510_0 .net "uses_rs1", 0 0, v0x6203ea7de180_0;  1 drivers
v0x6203ea7e65b0_0 .net "uses_rs2", 0 0, v0x6203ea7de240_0;  1 drivers
v0x6203ea7e66a0_0 .net "valid", 0 0, v0x6203ea7de300_0;  1 drivers
v0x6203ea7e6740_0 .var "wb_data", 31 0;
v0x6203ea7e67e0_0 .net "wb_sel", 1 0, v0x6203ea7de3c0_0;  1 drivers
v0x6203ea7e6880_0 .net "writes_rd", 0 0, v0x6203ea7de4a0_0;  1 drivers
E_0x6203ea763500 .event edge, v0x6203ea7de3c0_0, v0x6203ea7deb60_0, v0x6203ea7e03d0_0, v0x6203ea7e38e0_0;
L_0x6203ea7e6af0 .array/port v0x6203ea7e5610, L_0x6203ea7e6c30;
L_0x6203ea7e6b90 .part v0x6203ea7e3820_0, 2, 8;
L_0x6203ea7e6c30 .concat [ 8 2 0 0], L_0x6203ea7e6b90, L_0x7c48bdc9f018;
S_0x6203ea77ec40 .scope module, "u_decoder" "decoder" 5 93, 6 5 0, S_0x6203ea77eab0;
 .timescale 0 0;
    .port_info 0 /INPUT 32 "instr";
    .port_info 1 /OUTPUT 3 "rs1_idx";
    .port_info 2 /OUTPUT 3 "rs2_idx";
    .port_info 3 /OUTPUT 3 "rd_idx";
    .port_info 4 /OUTPUT 32 "imm";
    .port_info 5 /OUTPUT 1 "valid";
    .port_info 6 /OUTPUT 1 "uses_rs1";
    .port_info 7 /OUTPUT 1 "uses_rs2";
    .port_info 8 /OUTPUT 1 "writes_rd";
    .port_info 9 /OUTPUT 3 "alu_op";
    .port_info 10 /OUTPUT 2 "wb_sel";
    .port_info 11 /OUTPUT 2 "pc_sel";
    .port_info 12 /OUTPUT 3 "instr_type";
    .port_info 13 /OUTPUT 1 "is_load";
    .port_info 14 /OUTPUT 1 "is_store";
    .port_info 15 /OUTPUT 1 "is_branch";
    .port_info 16 /OUTPUT 1 "is_jump";
v0x6203ea7849d0_0 .var "alu_op", 2 0;
v0x6203ea7c3570_0 .net "funct3", 2 0, L_0x6203ea7f7050;  1 drivers
v0x6203ea7b48e0_0 .net "funct7", 6 0, L_0x6203ea7f7180;  1 drivers
v0x6203ea7b4980_0 .var "imm", 31 0;
v0x6203ea7dd570_0 .net "instr", 31 0, L_0x6203ea7c3450;  alias, 1 drivers
v0x6203ea7dd6a0_0 .var "instr_type", 2 0;
v0x6203ea7dd780_0 .var "is_branch", 0 0;
v0x6203ea7dd840_0 .var "is_jump", 0 0;
v0x6203ea7dd900_0 .var "is_load", 0 0;
v0x6203ea7dd9c0_0 .var "is_store", 0 0;
v0x6203ea7dda80_0 .net "opcode", 6 0, L_0x6203ea7f6fb0;  1 drivers
v0x6203ea7ddb60_0 .var "pc_sel", 1 0;
v0x6203ea7ddc40_0 .net "rd_idx", 2 0, L_0x6203ea7f7650;  alias, 1 drivers
v0x6203ea7ddd20_0 .net "rd_temp", 4 0, L_0x6203ea7f7390;  1 drivers
v0x6203ea7dde00_0 .net "rs1_idx", 2 0, L_0x6203ea7f7470;  alias, 1 drivers
v0x6203ea7ddee0_0 .net "rs1_temp", 4 0, L_0x6203ea7f7220;  1 drivers
v0x6203ea7ddfc0_0 .net "rs2_idx", 2 0, L_0x6203ea7f7510;  alias, 1 drivers
v0x6203ea7de0a0_0 .net "rs2_temp", 4 0, L_0x6203ea7f72f0;  1 drivers
v0x6203ea7de180_0 .var "uses_rs1", 0 0;
v0x6203ea7de240_0 .var "uses_rs2", 0 0;
v0x6203ea7de300_0 .var "valid", 0 0;
v0x6203ea7de3c0_0 .var "wb_sel", 1 0;
v0x6203ea7de4a0_0 .var "writes_rd", 0 0;
E_0x6203ea7624b0/0 .event edge, v0x6203ea7dda80_0, v0x6203ea7b48e0_0, v0x6203ea7c3570_0, v0x6203ea7dd570_0;
E_0x6203ea7624b0/1 .event edge, v0x6203ea7dd570_0, v0x6203ea7dd570_0, v0x6203ea7dd570_0, v0x6203ea7dd570_0;
E_0x6203ea7624b0/2 .event edge, v0x6203ea7dd570_0, v0x6203ea7dd570_0, v0x6203ea7dd570_0, v0x6203ea7dd570_0;
E_0x6203ea7624b0/3 .event edge, v0x6203ea7dd570_0;
E_0x6203ea7624b0 .event/or E_0x6203ea7624b0/0, E_0x6203ea7624b0/1, E_0x6203ea7624b0/2, E_0x6203ea7624b0/3;
L_0x6203ea7f6fb0 .part L_0x6203ea7c3450, 0, 7;
L_0x6203ea7f7050 .part L_0x6203ea7c3450, 12, 3;
L_0x6203ea7f7180 .part L_0x6203ea7c3450, 25, 7;
L_0x6203ea7f7220 .part L_0x6203ea7c3450, 15, 5;
L_0x6203ea7f72f0 .part L_0x6203ea7c3450, 20, 5;
L_0x6203ea7f7390 .part L_0x6203ea7c3450, 7, 5;
L_0x6203ea7f7470 .part L_0x6203ea7f7220, 0, 3;
L_0x6203ea7f7510 .part L_0x6203ea7f72f0, 0, 3;
L_0x6203ea7f7650 .part L_0x6203ea7f7390, 0, 3;
S_0x6203ea7de780 .scope module, "u_execute" "execute" 5 139, 7 5 0, S_0x6203ea77eab0;
 .timescale 0 0;
    .port_info 0 /INPUT 32 "rs1_data";
    .port_info 1 /INPUT 32 "rs2_data";
    .port_info 2 /INPUT 32 "imm";
    .port_info 3 /INPUT 3 "alu_op";
    .port_info 4 /INPUT 1 "uses_rs2";
    .port_info 5 /INPUT 1 "is_branch";
    .port_info 6 /INPUT 1 "is_load";
    .port_info 7 /INPUT 1 "is_store";
    .port_info 8 /OUTPUT 32 "alu_result";
    .port_info 9 /OUTPUT 1 "branch_taken";
    .port_info 10 /OUTPUT 32 "mem_addr";
v0x6203ea7de9a0_0 .net "alu_b", 31 0, L_0x6203ea7f7740;  1 drivers
v0x6203ea7deaa0_0 .net "alu_op", 2 0, v0x6203ea7849d0_0;  alias, 1 drivers
v0x6203ea7deb60_0 .var "alu_result", 31 0;
v0x6203ea7dec00_0 .var "branch_taken", 0 0;
v0x6203ea7decc0_0 .net "imm", 31 0, v0x6203ea7b4980_0;  alias, 1 drivers
v0x6203ea7dedd0_0 .net "is_branch", 0 0, v0x6203ea7dd780_0;  alias, 1 drivers
v0x6203ea7dee70_0 .net "is_load", 0 0, v0x6203ea7dd900_0;  alias, 1 drivers
v0x6203ea7def10_0 .net "is_store", 0 0, v0x6203ea7dd9c0_0;  alias, 1 drivers
v0x6203ea7defb0_0 .var "mem_addr", 31 0;
v0x6203ea7df050_0 .net "rs1_data", 31 0, v0x6203ea7e4750_0;  alias, 1 drivers
v0x6203ea7df0f0_0 .net "rs2_data", 31 0, v0x6203ea7e4900_0;  alias, 1 drivers
v0x6203ea7df1d0_0 .net "uses_rs2", 0 0, v0x6203ea7de240_0;  alias, 1 drivers
E_0x6203ea747f30 .event edge, v0x6203ea7dd900_0, v0x6203ea7dd9c0_0, v0x6203ea7df050_0, v0x6203ea7b4980_0;
E_0x6203ea7c42a0 .event edge, v0x6203ea7dd780_0, v0x6203ea7df050_0, v0x6203ea7df0f0_0;
E_0x6203ea7c4260 .event edge, v0x6203ea7849d0_0, v0x6203ea7df050_0, v0x6203ea7de9a0_0;
L_0x6203ea7f7740 .functor MUXZ 32, v0x6203ea7b4980_0, v0x6203ea7e4900_0, v0x6203ea7de240_0, C4<>;
S_0x6203ea7df410 .scope module, "u_memory" "memory_unit" 5 158, 8 5 0, S_0x6203ea77eab0;
 .timescale 0 0;
    .port_info 0 /INPUT 1 "clk";
    .port_info 1 /INPUT 1 "is_load";
    .port_info 2 /INPUT 1 "is_store";
    .port_info 3 /INPUT 32 "addr";
    .port_info 4 /INPUT 32 "store_data";
    .port_info 5 /OUTPUT 32 "load_data";
P_0x6203ea7df5a0 .param/l "MEM_WORDS" 0 8 6, +C4<00000000000000000000000100000000>;
v0x6203ea7e0010_0 .net "addr", 31 0, v0x6203ea7defb0_0;  alias, 1 drivers
v0x6203ea7e0120_0 .net "clk", 0 0, v0x6203ea7e6990_0;  alias, 1 drivers
v0x6203ea7e01c0_0 .net "is_load", 0 0, v0x6203ea7dd900_0;  alias, 1 drivers
v0x6203ea7e02e0_0 .net "is_store", 0 0, v0x6203ea7dd9c0_0;  alias, 1 drivers
v0x6203ea7e03d0_0 .var "load_data", 31 0;
v0x6203ea7e04e0 .array "mem", 255 0, 31 0;
v0x6203ea7e2db0_0 .net "store_data", 31 0, v0x6203ea7e4900_0;  alias, 1 drivers
v0x6203ea7e2e70_0 .net "word_addr", 7 0, L_0x6203ea7f7870;  1 drivers
E_0x6203ea7df750 .event posedge, v0x6203ea7e0120_0;
v0x6203ea7e04e0_0 .array/port v0x6203ea7e04e0, 0;
v0x6203ea7e04e0_1 .array/port v0x6203ea7e04e0, 1;
E_0x6203ea7df7b0/0 .event edge, v0x6203ea7dd900_0, v0x6203ea7e2e70_0, v0x6203ea7e04e0_0, v0x6203ea7e04e0_1;
v0x6203ea7e04e0_2 .array/port v0x6203ea7e04e0, 2;
v0x6203ea7e04e0_3 .array/port v0x6203ea7e04e0, 3;
v0x6203ea7e04e0_4 .array/port v0x6203ea7e04e0, 4;
v0x6203ea7e04e0_5 .array/port v0x6203ea7e04e0, 5;
E_0x6203ea7df7b0/1 .event edge, v0x6203ea7e04e0_2, v0x6203ea7e04e0_3, v0x6203ea7e04e0_4, v0x6203ea7e04e0_5;
v0x6203ea7e04e0_6 .array/port v0x6203ea7e04e0, 6;
v0x6203ea7e04e0_7 .array/port v0x6203ea7e04e0, 7;
v0x6203ea7e04e0_8 .array/port v0x6203ea7e04e0, 8;
v0x6203ea7e04e0_9 .array/port v0x6203ea7e04e0, 9;
E_0x6203ea7df7b0/2 .event edge, v0x6203ea7e04e0_6, v0x6203ea7e04e0_7, v0x6203ea7e04e0_8, v0x6203ea7e04e0_9;
v0x6203ea7e04e0_10 .array/port v0x6203ea7e04e0, 10;
v0x6203ea7e04e0_11 .array/port v0x6203ea7e04e0, 11;
v0x6203ea7e04e0_12 .array/port v0x6203ea7e04e0, 12;
v0x6203ea7e04e0_13 .array/port v0x6203ea7e04e0, 13;
E_0x6203ea7df7b0/3 .event edge, v0x6203ea7e04e0_10, v0x6203ea7e04e0_11, v0x6203ea7e04e0_12, v0x6203ea7e04e0_13;
v0x6203ea7e04e0_14 .array/port v0x6203ea7e04e0, 14;
v0x6203ea7e04e0_15 .array/port v0x6203ea7e04e0, 15;
v0x6203ea7e04e0_16 .array/port v0x6203ea7e04e0, 16;
v0x6203ea7e04e0_17 .array/port v0x6203ea7e04e0, 17;
E_0x6203ea7df7b0/4 .event edge, v0x6203ea7e04e0_14, v0x6203ea7e04e0_15, v0x6203ea7e04e0_16, v0x6203ea7e04e0_17;
v0x6203ea7e04e0_18 .array/port v0x6203ea7e04e0, 18;
v0x6203ea7e04e0_19 .array/port v0x6203ea7e04e0, 19;
v0x6203ea7e04e0_20 .array/port v0x6203ea7e04e0, 20;
v0x6203ea7e04e0_21 .array/port v0x6203ea7e04e0, 21;
E_0x6203ea7df7b0/5 .event edge, v0x6203ea7e04e0_18, v0x6203ea7e04e0_19, v0x6203ea7e04e0_20, v0x6203ea7e04e0_21;
v0x6203ea7e04e0_22 .array/port v0x6203ea7e04e0, 22;
v0x6203ea7e04e0_23 .array/port v0x6203ea7e04e0, 23;
v0x6203ea7e04e0_24 .array/port v0x6203ea7e04e0, 24;
v0x6203ea7e04e0_25 .array/port v0x6203ea7e04e0, 25;
E_0x6203ea7df7b0/6 .event edge, v0x6203ea7e04e0_22, v0x6203ea7e04e0_23, v0x6203ea7e04e0_24, v0x6203ea7e04e0_25;
v0x6203ea7e04e0_26 .array/port v0x6203ea7e04e0, 26;
v0x6203ea7e04e0_27 .array/port v0x6203ea7e04e0, 27;
v0x6203ea7e04e0_28 .array/port v0x6203ea7e04e0, 28;
v0x6203ea7e04e0_29 .array/port v0x6203ea7e04e0, 29;
E_0x6203ea7df7b0/7 .event edge, v0x6203ea7e04e0_26, v0x6203ea7e04e0_27, v0x6203ea7e04e0_28, v0x6203ea7e04e0_29;
v0x6203ea7e04e0_30 .array/port v0x6203ea7e04e0, 30;
v0x6203ea7e04e0_31 .array/port v0x6203ea7e04e0, 31;
v0x6203ea7e04e0_32 .array/port v0x6203ea7e04e0, 32;
v0x6203ea7e04e0_33 .array/port v0x6203ea7e04e0, 33;
E_0x6203ea7df7b0/8 .event edge, v0x6203ea7e04e0_30, v0x6203ea7e04e0_31, v0x6203ea7e04e0_32, v0x6203ea7e04e0_33;
v0x6203ea7e04e0_34 .array/port v0x6203ea7e04e0, 34;
v0x6203ea7e04e0_35 .array/port v0x6203ea7e04e0, 35;
v0x6203ea7e04e0_36 .array/port v0x6203ea7e04e0, 36;
v0x6203ea7e04e0_37 .array/port v0x6203ea7e04e0, 37;
E_0x6203ea7df7b0/9 .event edge, v0x6203ea7e04e0_34, v0x6203ea7e04e0_35, v0x6203ea7e04e0_36, v0x6203ea7e04e0_37;
v0x6203ea7e04e0_38 .array/port v0x6203ea7e04e0, 38;
v0x6203ea7e04e0_39 .array/port v0x6203ea7e04e0, 39;
v0x6203ea7e04e0_40 .array/port v0x6203ea7e04e0, 40;
v0x6203ea7e04e0_41 .array/port v0x6203ea7e04e0, 41;
E_0x6203ea7df7b0/10 .event edge, v0x6203ea7e04e0_38, v0x6203ea7e04e0_39, v0x6203ea7e04e0_40, v0x6203ea7e04e0_41;
v0x6203ea7e04e0_42 .array/port v0x6203ea7e04e0, 42;
v0x6203ea7e04e0_43 .array/port v0x6203ea7e04e0, 43;
v0x6203ea7e04e0_44 .array/port v0x6203ea7e04e0, 44;
v0x6203ea7e04e0_45 .array/port v0x6203ea7e04e0, 45;
E_0x6203ea7df7b0/11 .event edge, v0x6203ea7e04e0_42, v0x6203ea7e04e0_43, v0x6203ea7e04e0_44, v0x6203ea7e04e0_45;
v0x6203ea7e04e0_46 .array/port v0x6203ea7e04e0, 46;
v0x6203ea7e04e0_47 .array/port v0x6203ea7e04e0, 47;
v0x6203ea7e04e0_48 .array/port v0x6203ea7e04e0, 48;
v0x6203ea7e04e0_49 .array/port v0x6203ea7e04e0, 49;
E_0x6203ea7df7b0/12 .event edge, v0x6203ea7e04e0_46, v0x6203ea7e04e0_47, v0x6203ea7e04e0_48, v0x6203ea7e04e0_49;
v0x6203ea7e04e0_50 .array/port v0x6203ea7e04e0, 50;
v0x6203ea7e04e0_51 .array/port v0x6203ea7e04e0, 51;
v0x6203ea7e04e0_52 .array/port v0x6203ea7e04e0, 52;
v0x6203ea7e04e0_53 .array/port v0x6203ea7e04e0, 53;
E_0x6203ea7df7b0/13 .event edge, v0x6203ea7e04e0_50, v0x6203ea7e04e0_51, v0x6203ea7e04e0_52, v0x6203ea7e04e0_53;
v0x6203ea7e04e0_54 .array/port v0x6203ea7e04e0, 54;
v0x6203ea7e04e0_55 .array/port v0x6203ea7e04e0, 55;
v0x6203ea7e04e0_56 .array/port v0x6203ea7e04e0, 56;
v0x6203ea7e04e0_57 .array/port v0x6203ea7e04e0, 57;
E_0x6203ea7df7b0/14 .event edge, v0x6203ea7e04e0_54, v0x6203ea7e04e0_55, v0x6203ea7e04e0_56, v0x6203ea7e04e0_57;
v0x6203ea7e04e0_58 .array/port v0x6203ea7e04e0, 58;
v0x6203ea7e04e0_59 .array/port v0x6203ea7e04e0, 59;
v0x6203ea7e04e0_60 .array/port v0x6203ea7e04e0, 60;
v0x6203ea7e04e0_61 .array/port v0x6203ea7e04e0, 61;
E_0x6203ea7df7b0/15 .event edge, v0x6203ea7e04e0_58, v0x6203ea7e04e0_59, v0x6203ea7e04e0_60, v0x6203ea7e04e0_61;
v0x6203ea7e04e0_62 .array/port v0x6203ea7e04e0, 62;
v0x6203ea7e04e0_63 .array/port v0x6203ea7e04e0, 63;
v0x6203ea7e04e0_64 .array/port v0x6203ea7e04e0, 64;
v0x6203ea7e04e0_65 .array/port v0x6203ea7e04e0, 65;
E_0x6203ea7df7b0/16 .event edge, v0x6203ea7e04e0_62, v0x6203ea7e04e0_63, v0x6203ea7e04e0_64, v0x6203ea7e04e0_65;
v0x6203ea7e04e0_66 .array/port v0x6203ea7e04e0, 66;
v0x6203ea7e04e0_67 .array/port v0x6203ea7e04e0, 67;
v0x6203ea7e04e0_68 .array/port v0x6203ea7e04e0, 68;
v0x6203ea7e04e0_69 .array/port v0x6203ea7e04e0, 69;
E_0x6203ea7df7b0/17 .event edge, v0x6203ea7e04e0_66, v0x6203ea7e04e0_67, v0x6203ea7e04e0_68, v0x6203ea7e04e0_69;
v0x6203ea7e04e0_70 .array/port v0x6203ea7e04e0, 70;
v0x6203ea7e04e0_71 .array/port v0x6203ea7e04e0, 71;
v0x6203ea7e04e0_72 .array/port v0x6203ea7e04e0, 72;
v0x6203ea7e04e0_73 .array/port v0x6203ea7e04e0, 73;
E_0x6203ea7df7b0/18 .event edge, v0x6203ea7e04e0_70, v0x6203ea7e04e0_71, v0x6203ea7e04e0_72, v0x6203ea7e04e0_73;
v0x6203ea7e04e0_74 .array/port v0x6203ea7e04e0, 74;
v0x6203ea7e04e0_75 .array/port v0x6203ea7e04e0, 75;
v0x6203ea7e04e0_76 .array/port v0x6203ea7e04e0, 76;
v0x6203ea7e04e0_77 .array/port v0x6203ea7e04e0, 77;
E_0x6203ea7df7b0/19 .event edge, v0x6203ea7e04e0_74, v0x6203ea7e04e0_75, v0x6203ea7e04e0_76, v0x6203ea7e04e0_77;
v0x6203ea7e04e0_78 .array/port v0x6203ea7e04e0, 78;
v0x6203ea7e04e0_79 .array/port v0x6203ea7e04e0, 79;
v0x6203ea7e04e0_80 .array/port v0x6203ea7e04e0, 80;
v0x6203ea7e04e0_81 .array/port v0x6203ea7e04e0, 81;
E_0x6203ea7df7b0/20 .event edge, v0x6203ea7e04e0_78, v0x6203ea7e04e0_79, v0x6203ea7e04e0_80, v0x6203ea7e04e0_81;
v0x6203ea7e04e0_82 .array/port v0x6203ea7e04e0, 82;
v0x6203ea7e04e0_83 .array/port v0x6203ea7e04e0, 83;
v0x6203ea7e04e0_84 .array/port v0x6203ea7e04e0, 84;
v0x6203ea7e04e0_85 .array/port v0x6203ea7e04e0, 85;
E_0x6203ea7df7b0/21 .event edge, v0x6203ea7e04e0_82, v0x6203ea7e04e0_83, v0x6203ea7e04e0_84, v0x6203ea7e04e0_85;
v0x6203ea7e04e0_86 .array/port v0x6203ea7e04e0, 86;
v0x6203ea7e04e0_87 .array/port v0x6203ea7e04e0, 87;
v0x6203ea7e04e0_88 .array/port v0x6203ea7e04e0, 88;
v0x6203ea7e04e0_89 .array/port v0x6203ea7e04e0, 89;
E_0x6203ea7df7b0/22 .event edge, v0x6203ea7e04e0_86, v0x6203ea7e04e0_87, v0x6203ea7e04e0_88, v0x6203ea7e04e0_89;
v0x6203ea7e04e0_90 .array/port v0x6203ea7e04e0, 90;
v0x6203ea7e04e0_91 .array/port v0x6203ea7e04e0, 91;
v0x6203ea7e04e0_92 .array/port v0x6203ea7e04e0, 92;
v0x6203ea7e04e0_93 .array/port v0x6203ea7e04e0, 93;
E_0x6203ea7df7b0/23 .event edge, v0x6203ea7e04e0_90, v0x6203ea7e04e0_91, v0x6203ea7e04e0_92, v0x6203ea7e04e0_93;
v0x6203ea7e04e0_94 .array/port v0x6203ea7e04e0, 94;
v0x6203ea7e04e0_95 .array/port v0x6203ea7e04e0, 95;
v0x6203ea7e04e0_96 .array/port v0x6203ea7e04e0, 96;
v0x6203ea7e04e0_97 .array/port v0x6203ea7e04e0, 97;
E_0x6203ea7df7b0/24 .event edge, v0x6203ea7e04e0_94, v0x6203ea7e04e0_95, v0x6203ea7e04e0_96, v0x6203ea7e04e0_97;
v0x6203ea7e04e0_98 .array/port v0x6203ea7e04e0, 98;
v0x6203ea7e04e0_99 .array/port v0x6203ea7e04e0, 99;
v0x6203ea7e04e0_100 .array/port v0x6203ea7e04e0, 100;
v0x6203ea7e04e0_101 .array/port v0x6203ea7e04e0, 101;
E_0x6203ea7df7b0/25 .event edge, v0x6203ea7e04e0_98, v0x6203ea7e04e0_99, v0x6203ea7e04e0_100, v0x6203ea7e04e0_101;
v0x6203ea7e04e0_102 .array/port v0x6203ea7e04e0, 102;
v0x6203ea7e04e0_103 .array/port v0x6203ea7e04e0, 103;
v0x6203ea7e04e0_104 .array/port v0x6203ea7e04e0, 104;
v0x6203ea7e04e0_105 .array/port v0x6203ea7e04e0, 105;
E_0x6203ea7df7b0/26 .event edge, v0x6203ea7e04e0_102, v0x6203ea7e04e0_103, v0x6203ea7e04e0_104, v0x6203ea7e04e0_105;
v0x6203ea7e04e0_106 .array/port v0x6203ea7e04e0, 106;
v0x6203ea7e04e0_107 .array/port v0x6203ea7e04e0, 107;
v0x6203ea7e04e0_108 .array/port v0x6203ea7e04e0, 108;
v0x6203ea7e04e0_109 .array/port v0x6203ea7e04e0, 109;
E_0x6203ea7df7b0/27 .event edge, v0x6203ea7e04e0_106, v0x6203ea7e04e0_107, v0x6203ea7e04e0_108, v0x6203ea7e04e0_109;
v0x6203ea7e04e0_110 .array/port v0x6203ea7e04e0, 110;
v0x6203ea7e04e0_111 .array/port v0x6203ea7e04e0, 111;
v0x6203ea7e04e0_112 .array/port v0x6203ea7e04e0, 112;
v0x6203ea7e04e0_113 .array/port v0x6203ea7e04e0, 113;
E_0x6203ea7df7b0/28 .event edge, v0x6203ea7e04e0_110, v0x6203ea7e04e0_111, v0x6203ea7e04e0_112, v0x6203ea7e04e0_113;
v0x6203ea7e04e0_114 .array/port v0x6203ea7e04e0, 114;
v0x6203ea7e04e0_115 .array/port v0x6203ea7e04e0, 115;
v0x6203ea7e04e0_116 .array/port v0x6203ea7e04e0, 116;
v0x6203ea7e04e0_117 .array/port v0x6203ea7e04e0, 117;
E_0x6203ea7df7b0/29 .event edge, v0x6203ea7e04e0_114, v0x6203ea7e04e0_115, v0x6203ea7e04e0_116, v0x6203ea7e04e0_117;
v0x6203ea7e04e0_118 .array/port v0x6203ea7e04e0, 118;
v0x6203ea7e04e0_119 .array/port v0x6203ea7e04e0, 119;
v0x6203ea7e04e0_120 .array/port v0x6203ea7e04e0, 120;
v0x6203ea7e04e0_121 .array/port v0x6203ea7e04e0, 121;
E_0x6203ea7df7b0/30 .event edge, v0x6203ea7e04e0_118, v0x6203ea7e04e0_119, v0x6203ea7e04e0_120, v0x6203ea7e04e0_121;
v0x6203ea7e04e0_122 .array/port v0x6203ea7e04e0, 122;
v0x6203ea7e04e0_123 .array/port v0x6203ea7e04e0, 123;
v0x6203ea7e04e0_124 .array/port v0x6203ea7e04e0, 124;
v0x6203ea7e04e0_125 .array/port v0x6203ea7e04e0, 125;
E_0x6203ea7df7b0/31 .event edge, v0x6203ea7e04e0_122, v0x6203ea7e04e0_123, v0x6203ea7e04e0_124, v0x6203ea7e04e0_125;
v0x6203ea7e04e0_126 .array/port v0x6203ea7e04e0, 126;
v0x6203ea7e04e0_127 .array/port v0x6203ea7e04e0, 127;
v0x6203ea7e04e0_128 .array/port v0x6203ea7e04e0, 128;
v0x6203ea7e04e0_129 .array/port v0x6203ea7e04e0, 129;
E_0x6203ea7df7b0/32 .event edge, v0x6203ea7e04e0_126, v0x6203ea7e04e0_127, v0x6203ea7e04e0_128, v0x6203ea7e04e0_129;
v0x6203ea7e04e0_130 .array/port v0x6203ea7e04e0, 130;
v0x6203ea7e04e0_131 .array/port v0x6203ea7e04e0, 131;
v0x6203ea7e04e0_132 .array/port v0x6203ea7e04e0, 132;
v0x6203ea7e04e0_133 .array/port v0x6203ea7e04e0, 133;
E_0x6203ea7df7b0/33 .event edge, v0x6203ea7e04e0_130, v0x6203ea7e04e0_131, v0x6203ea7e04e0_132, v0x6203ea7e04e0_133;
v0x6203ea7e04e0_134 .array/port v0x6203ea7e04e0, 134;
v0x6203ea7e04e0_135 .array/port v0x6203ea7e04e0, 135;
v0x6203ea7e04e0_136 .array/port v0x6203ea7e04e0, 136;
v0x6203ea7e04e0_137 .array/port v0x6203ea7e04e0, 137;
E_0x6203ea7df7b0/34 .event edge, v0x6203ea7e04e0_134, v0x6203ea7e04e0_135, v0x6203ea7e04e0_136, v0x6203ea7e04e0_137;
v0x6203ea7e04e0_138 .array/port v0x6203ea7e04e0, 138;
v0x6203ea7e04e0_139 .array/port v0x6203ea7e04e0, 139;
v0x6203ea7e04e0_140 .array/port v0x6203ea7e04e0, 140;
v0x6203ea7e04e0_141 .array/port v0x6203ea7e04e0, 141;
E_0x6203ea7df7b0/35 .event edge, v0x6203ea7e04e0_138, v0x6203ea7e04e0_139, v0x6203ea7e04e0_140, v0x6203ea7e04e0_141;
v0x6203ea7e04e0_142 .array/port v0x6203ea7e04e0, 142;
v0x6203ea7e04e0_143 .array/port v0x6203ea7e04e0, 143;
v0x6203ea7e04e0_144 .array/port v0x6203ea7e04e0, 144;
v0x6203ea7e04e0_145 .array/port v0x6203ea7e04e0, 145;
E_0x6203ea7df7b0/36 .event edge, v0x6203ea7e04e0_142, v0x6203ea7e04e0_143, v0x6203ea7e04e0_144, v0x6203ea7e04e0_145;
v0x6203ea7e04e0_146 .array/port v0x6203ea7e04e0, 146;
v0x6203ea7e04e0_147 .array/port v0x6203ea7e04e0, 147;
v0x6203ea7e04e0_148 .array/port v0x6203ea7e04e0, 148;
v0x6203ea7e04e0_149 .array/port v0x6203ea7e04e0, 149;
E_0x6203ea7df7b0/37 .event edge, v0x6203ea7e04e0_146, v0x6203ea7e04e0_147, v0x6203ea7e04e0_148, v0x6203ea7e04e0_149;
v0x6203ea7e04e0_150 .array/port v0x6203ea7e04e0, 150;
v0x6203ea7e04e0_151 .array/port v0x6203ea7e04e0, 151;
v0x6203ea7e04e0_152 .array/port v0x6203ea7e04e0, 152;
v0x6203ea7e04e0_153 .array/port v0x6203ea7e04e0, 153;
E_0x6203ea7df7b0/38 .event edge, v0x6203ea7e04e0_150, v0x6203ea7e04e0_151, v0x6203ea7e04e0_152, v0x6203ea7e04e0_153;
v0x6203ea7e04e0_154 .array/port v0x6203ea7e04e0, 154;
v0x6203ea7e04e0_155 .array/port v0x6203ea7e04e0, 155;
v0x6203ea7e04e0_156 .array/port v0x6203ea7e04e0, 156;
v0x6203ea7e04e0_157 .array/port v0x6203ea7e04e0, 157;
E_0x6203ea7df7b0/39 .event edge, v0x6203ea7e04e0_154, v0x6203ea7e04e0_155, v0x6203ea7e04e0_156, v0x6203ea7e04e0_157;
v0x6203ea7e04e0_158 .array/port v0x6203ea7e04e0, 158;
v0x6203ea7e04e0_159 .array/port v0x6203ea7e04e0, 159;
v0x6203ea7e04e0_160 .array/port v0x6203ea7e04e0, 160;
v0x6203ea7e04e0_161 .array/port v0x6203ea7e04e0, 161;
E_0x6203ea7df7b0/40 .event edge, v0x6203ea7e04e0_158, v0x6203ea7e04e0_159, v0x6203ea7e04e0_160, v0x6203ea7e04e0_161;
v0x6203ea7e04e0_162 .array/port v0x6203ea7e04e0, 162;
v0x6203ea7e04e0_163 .array/port v0x6203ea7e04e0, 163;
v0x6203ea7e04e0_164 .array/port v0x6203ea7e04e0, 164;
v0x6203ea7e04e0_165 .array/port v0x6203ea7e04e0, 165;
E_0x6203ea7df7b0/41 .event edge, v0x6203ea7e04e0_162, v0x6203ea7e04e0_163, v0x6203ea7e04e0_164, v0x6203ea7e04e0_165;
v0x6203ea7e04e0_166 .array/port v0x6203ea7e04e0, 166;
v0x6203ea7e04e0_167 .array/port v0x6203ea7e04e0, 167;
v0x6203ea7e04e0_168 .array/port v0x6203ea7e04e0, 168;
v0x6203ea7e04e0_169 .array/port v0x6203ea7e04e0, 169;
E_0x6203ea7df7b0/42 .event edge, v0x6203ea7e04e0_166, v0x6203ea7e04e0_167, v0x6203ea7e04e0_168, v0x6203ea7e04e0_169;
v0x6203ea7e04e0_170 .array/port v0x6203ea7e04e0, 170;
v0x6203ea7e04e0_171 .array/port v0x6203ea7e04e0, 171;
v0x6203ea7e04e0_172 .array/port v0x6203ea7e04e0, 172;
v0x6203ea7e04e0_173 .array/port v0x6203ea7e04e0, 173;
E_0x6203ea7df7b0/43 .event edge, v0x6203ea7e04e0_170, v0x6203ea7e04e0_171, v0x6203ea7e04e0_172, v0x6203ea7e04e0_173;
v0x6203ea7e04e0_174 .array/port v0x6203ea7e04e0, 174;
v0x6203ea7e04e0_175 .array/port v0x6203ea7e04e0, 175;
v0x6203ea7e04e0_176 .array/port v0x6203ea7e04e0, 176;
v0x6203ea7e04e0_177 .array/port v0x6203ea7e04e0, 177;
E_0x6203ea7df7b0/44 .event edge, v0x6203ea7e04e0_174, v0x6203ea7e04e0_175, v0x6203ea7e04e0_176, v0x6203ea7e04e0_177;
v0x6203ea7e04e0_178 .array/port v0x6203ea7e04e0, 178;
v0x6203ea7e04e0_179 .array/port v0x6203ea7e04e0, 179;
v0x6203ea7e04e0_180 .array/port v0x6203ea7e04e0, 180;
v0x6203ea7e04e0_181 .array/port v0x6203ea7e04e0, 181;
E_0x6203ea7df7b0/45 .event edge, v0x6203ea7e04e0_178, v0x6203ea7e04e0_179, v0x6203ea7e04e0_180, v0x6203ea7e04e0_181;
v0x6203ea7e04e0_182 .array/port v0x6203ea7e04e0, 182;
v0x6203ea7e04e0_183 .array/port v0x6203ea7e04e0, 183;
v0x6203ea7e04e0_184 .array/port v0x6203ea7e04e0, 184;
v0x6203ea7e04e0_185 .array/port v0x6203ea7e04e0, 185;
E_0x6203ea7df7b0/46 .event edge, v0x6203ea7e04e0_182, v0x6203ea7e04e0_183, v0x6203ea7e04e0_184, v0x6203ea7e04e0_185;
v0x6203ea7e04e0_186 .array/port v0x6203ea7e04e0, 186;
v0x6203ea7e04e0_187 .array/port v0x6203ea7e04e0, 187;
v0x6203ea7e04e0_188 .array/port v0x6203ea7e04e0, 188;
v0x6203ea7e04e0_189 .array/port v0x6203ea7e04e0, 189;
E_0x6203ea7df7b0/47 .event edge, v0x6203ea7e04e0_186, v0x6203ea7e04e0_187, v0x6203ea7e04e0_188, v0x6203ea7e04e0_189;
v0x6203ea7e04e0_190 .array/port v0x6203ea7e04e0, 190;
v0x6203ea7e04e0_191 .array/port v0x6203ea7e04e0, 191;
v0x6203ea7e04e0_192 .array/port v0x6203ea7e04e0, 192;
v0x6203ea7e04e0_193 .array/port v0x6203ea7e04e0, 193;
E_0x6203ea7df7b0/48 .event edge, v0x6203ea7e04e0_190, v0x6203ea7e04e0_191, v0x6203ea7e04e0_192, v0x6203ea7e04e0_193;
v0x6203ea7e04e0_194 .array/port v0x6203ea7e04e0, 194;
v0x6203ea7e04e0_195 .array/port v0x6203ea7e04e0, 195;
v0x6203ea7e04e0_196 .array/port v0x6203ea7e04e0, 196;
v0x6203ea7e04e0_197 .array/port v0x6203ea7e04e0, 197;
E_0x6203ea7df7b0/49 .event edge, v0x6203ea7e04e0_194, v0x6203ea7e04e0_195, v0x6203ea7e04e0_196, v0x6203ea7e04e0_197;
v0x6203ea7e04e0_198 .array/port v0x6203ea7e04e0, 198;
v0x6203ea7e04e0_199 .array/port v0x6203ea7e04e0, 199;
v0x6203ea7e04e0_200 .array/port v0x6203ea7e04e0, 200;
v0x6203ea7e04e0_201 .array/port v0x6203ea7e04e0, 201;
E_0x6203ea7df7b0/50 .event edge, v0x6203ea7e04e0_198, v0x6203ea7e04e0_199, v0x6203ea7e04e0_200, v0x6203ea7e04e0_201;
v0x6203ea7e04e0_202 .array/port v0x6203ea7e04e0, 202;
v0x6203ea7e04e0_203 .array/port v0x6203ea7e04e0, 203;
v0x6203ea7e04e0_204 .array/port v0x6203ea7e04e0, 204;
v0x6203ea7e04e0_205 .array/port v0x6203ea7e04e0, 205;
E_0x6203ea7df7b0/51 .event edge, v0x6203ea7e04e0_202, v0x6203ea7e04e0_203, v0x6203ea7e04e0_204, v0x6203ea7e04e0_205;
v0x6203ea7e04e0_206 .array/port v0x6203ea7e04e0, 206;
v0x6203ea7e04e0_207 .array/port v0x6203ea7e04e0, 207;
v0x6203ea7e04e0_208 .array/port v0x6203ea7e04e0, 208;
v0x6203ea7e04e0_209 .array/port v0x6203ea7e04e0, 209;
E_0x6203ea7df7b0/52 .event edge, v0x6203ea7e04e0_206, v0x6203ea7e04e0_207, v0x6203ea7e04e0_208, v0x6203ea7e04e0_209;
v0x6203ea7e04e0_210 .array/port v0x6203ea7e04e0, 210;
v0x6203ea7e04e0_211 .array/port v0x6203ea7e04e0, 211;
v0x6203ea7e04e0_212 .array/port v0x6203ea7e04e0, 212;
v0x6203ea7e04e0_213 .array/port v0x6203ea7e04e0, 213;
E_0x6203ea7df7b0/53 .event edge, v0x6203ea7e04e0_210, v0x6203ea7e04e0_211, v0x6203ea7e04e0_212, v0x6203ea7e04e0_213;
v0x6203ea7e04e0_214 .array/port v0x6203ea7e04e0, 214;
v0x6203ea7e04e0_215 .array/port v0x6203ea7e04e0, 215;
v0x6203ea7e04e0_216 .array/port v0x6203ea7e04e0, 216;
v0x6203ea7e04e0_217 .array/port v0x6203ea7e04e0, 217;
E_0x6203ea7df7b0/54 .event edge, v0x6203ea7e04e0_214, v0x6203ea7e04e0_215, v0x6203ea7e04e0_216, v0x6203ea7e04e0_217;
v0x6203ea7e04e0_218 .array/port v0x6203ea7e04e0, 218;
v0x6203ea7e04e0_219 .array/port v0x6203ea7e04e0, 219;
v0x6203ea7e04e0_220 .array/port v0x6203ea7e04e0, 220;
v0x6203ea7e04e0_221 .array/port v0x6203ea7e04e0, 221;
E_0x6203ea7df7b0/55 .event edge, v0x6203ea7e04e0_218, v0x6203ea7e04e0_219, v0x6203ea7e04e0_220, v0x6203ea7e04e0_221;
v0x6203ea7e04e0_222 .array/port v0x6203ea7e04e0, 222;
v0x6203ea7e04e0_223 .array/port v0x6203ea7e04e0, 223;
v0x6203ea7e04e0_224 .array/port v0x6203ea7e04e0, 224;
v0x6203ea7e04e0_225 .array/port v0x6203ea7e04e0, 225;
E_0x6203ea7df7b0/56 .event edge, v0x6203ea7e04e0_222, v0x6203ea7e04e0_223, v0x6203ea7e04e0_224, v0x6203ea7e04e0_225;
v0x6203ea7e04e0_226 .array/port v0x6203ea7e04e0, 226;
v0x6203ea7e04e0_227 .array/port v0x6203ea7e04e0, 227;
v0x6203ea7e04e0_228 .array/port v0x6203ea7e04e0, 228;
v0x6203ea7e04e0_229 .array/port v0x6203ea7e04e0, 229;
E_0x6203ea7df7b0/57 .event edge, v0x6203ea7e04e0_226, v0x6203ea7e04e0_227, v0x6203ea7e04e0_228, v0x6203ea7e04e0_229;
v0x6203ea7e04e0_230 .array/port v0x6203ea7e04e0, 230;
v0x6203ea7e04e0_231 .array/port v0x6203ea7e04e0, 231;
v0x6203ea7e04e0_232 .array/port v0x6203ea7e04e0, 232;
v0x6203ea7e04e0_233 .array/port v0x6203ea7e04e0, 233;
E_0x6203ea7df7b0/58 .event edge, v0x6203ea7e04e0_230, v0x6203ea7e04e0_231, v0x6203ea7e04e0_232, v0x6203ea7e04e0_233;
v0x6203ea7e04e0_234 .array/port v0x6203ea7e04e0, 234;
v0x6203ea7e04e0_235 .array/port v0x6203ea7e04e0, 235;
v0x6203ea7e04e0_236 .array/port v0x6203ea7e04e0, 236;
v0x6203ea7e04e0_237 .array/port v0x6203ea7e04e0, 237;
E_0x6203ea7df7b0/59 .event edge, v0x6203ea7e04e0_234, v0x6203ea7e04e0_235, v0x6203ea7e04e0_236, v0x6203ea7e04e0_237;
v0x6203ea7e04e0_238 .array/port v0x6203ea7e04e0, 238;
v0x6203ea7e04e0_239 .array/port v0x6203ea7e04e0, 239;
v0x6203ea7e04e0_240 .array/port v0x6203ea7e04e0, 240;
v0x6203ea7e04e0_241 .array/port v0x6203ea7e04e0, 241;
E_0x6203ea7df7b0/60 .event edge, v0x6203ea7e04e0_238, v0x6203ea7e04e0_239, v0x6203ea7e04e0_240, v0x6203ea7e04e0_241;
v0x6203ea7e04e0_242 .array/port v0x6203ea7e04e0, 242;
v0x6203ea7e04e0_243 .array/port v0x6203ea7e04e0, 243;
v0x6203ea7e04e0_244 .array/port v0x6203ea7e04e0, 244;
v0x6203ea7e04e0_245 .array/port v0x6203ea7e04e0, 245;
E_0x6203ea7df7b0/61 .event edge, v0x6203ea7e04e0_242, v0x6203ea7e04e0_243, v0x6203ea7e04e0_244, v0x6203ea7e04e0_245;
v0x6203ea7e04e0_246 .array/port v0x6203ea7e04e0, 246;
v0x6203ea7e04e0_247 .array/port v0x6203ea7e04e0, 247;
v0x6203ea7e04e0_248 .array/port v0x6203ea7e04e0, 248;
v0x6203ea7e04e0_249 .array/port v0x6203ea7e04e0, 249;
E_0x6203ea7df7b0/62 .event edge, v0x6203ea7e04e0_246, v0x6203ea7e04e0_247, v0x6203ea7e04e0_248, v0x6203ea7e04e0_249;
v0x6203ea7e04e0_250 .array/port v0x6203ea7e04e0, 250;
v0x6203ea7e04e0_251 .array/port v0x6203ea7e04e0, 251;
v0x6203ea7e04e0_252 .array/port v0x6203ea7e04e0, 252;
v0x6203ea7e04e0_253 .array/port v0x6203ea7e04e0, 253;
E_0x6203ea7df7b0/63 .event edge, v0x6203ea7e04e0_250, v0x6203ea7e04e0_251, v0x6203ea7e04e0_252, v0x6203ea7e04e0_253;
v0x6203ea7e04e0_254 .array/port v0x6203ea7e04e0, 254;
v0x6203ea7e04e0_255 .array/port v0x6203ea7e04e0, 255;
E_0x6203ea7df7b0/64 .event edge, v0x6203ea7e04e0_254, v0x6203ea7e04e0_255;
E_0x6203ea7df7b0 .event/or E_0x6203ea7df7b0/0, E_0x6203ea7df7b0/1, E_0x6203ea7df7b0/2, E_0x6203ea7df7b0/3, E_0x6203ea7df7b0/4, E_0x6203ea7df7b0/5, E_0x6203ea7df7b0/6, E_0x6203ea7df7b0/7, E_0x6203ea7df7b0/8, E_0x6203ea7df7b0/9, E_0x6203ea7df7b0/10, E_0x6203ea7df7b0/11, E_0x6203ea7df7b0/12, E_0x6203ea7df7b0/13, E_0x6203ea7df7b0/14, E_0x6203ea7df7b0/15, E_0x6203ea7df7b0/16, E_0x6203ea7df7b0/17, E_0x6203ea7df7b0/18, E_0x6203ea7df7b0/19, E_0x6203ea7df7b0/20, E_0x6203ea7df7b0/21, E_0x6203ea7df7b0/22, E_0x6203ea7df7b0/23, E_0x6203ea7df7b0/24, E_0x6203ea7df7b0/25, E_0x6203ea7df7b0/26, E_0x6203ea7df7b0/27, E_0x6203ea7df7b0/28, E_0x6203ea7df7b0/29, E_0x6203ea7df7b0/30, E_0x6203ea7df7b0/31, E_0x6203ea7df7b0/32, E_0x6203ea7df7b0/33, E_0x6203ea7df7b0/34, E_0x6203ea7df7b0/35, E_0x6203ea7df7b0/36, E_0x6203ea7df7b0/37, E_0x6203ea7df7b0/38, E_0x6203ea7df7b0/39, E_0x6203ea7df7b0/40, E_0x6203ea7df7b0/41, E_0x6203ea7df7b0/42, E_0x6203ea7df7b0/43, E_0x6203ea7df7b0/44, E_0x6203ea7df7b0/45, E_0x6203ea7df7b0/46, E_0x6203ea7df7b0/47, E_0x6203ea7df7b0/48, E_0x6203ea7df7b0/49, E_0x6203ea7df7b0/50, E_0x6203ea7df7b0/51, E_0x6203ea7df7b0/52, E_0x6203ea7df7b0/53, E_0x6203ea7df7b0/54, E_0x6203ea7df7b0/55, E_0x6203ea7df7b0/56, E_0x6203ea7df7b0/57, E_0x6203ea7df7b0/58, E_0x6203ea7df7b0/59, E_0x6203ea7df7b0/60, E_0x6203ea7df7b0/61, E_0x6203ea7df7b0/62, E_0x6203ea7df7b0/63, E_0x6203ea7df7b0/64;
L_0x6203ea7f7870 .part v0x6203ea7defb0_0, 2, 8;
S_0x6203ea7e3030 .scope module, "u_pc" "pc_unit" 5 80, 9 5 0, S_0x6203ea77eab0;
 .timescale 0 0;
    .port_info 0 /INPUT 1 "clk";
    .port_info 1 /INPUT 1 "rst_n";
    .port_info 2 /INPUT 2 "pc_sel";
    .port_info 3 /INPUT 1 "branch_taken";
    .port_info 4 /INPUT 32 "imm";
    .port_info 5 /OUTPUT 32 "pc";
    .port_info 6 /OUTPUT 32 "pc_plus4";
L_0x7c48bdc9f060 .functor BUFT 1, C4<00000000000000000000000000000100>, C4<0>, C4<0>, C4<0>;
v0x6203ea7e33b0_0 .net/2u *"_ivl_0", 31 0, L_0x7c48bdc9f060;  1 drivers
v0x6203ea7e34b0_0 .net "branch_taken", 0 0, v0x6203ea7dec00_0;  alias, 1 drivers
v0x6203ea7e3570_0 .net "clk", 0 0, v0x6203ea7e6990_0;  alias, 1 drivers
v0x6203ea7e3640_0 .net "imm", 31 0, v0x6203ea7b4980_0;  alias, 1 drivers
v0x6203ea7e3730_0 .var "next_pc", 31 0;
v0x6203ea7e3820_0 .var "pc", 31 0;
v0x6203ea7e38e0_0 .net "pc_plus4", 31 0, L_0x6203ea7f6e70;  alias, 1 drivers
v0x6203ea7e39c0_0 .net "pc_sel", 1 0, v0x6203ea7ddb60_0;  alias, 1 drivers
v0x6203ea7e3a80_0 .net "rst_n", 0 0, v0x6203ea7e6a30_0;  alias, 1 drivers
E_0x6203ea7e32c0/0 .event negedge, v0x6203ea7e3a80_0;
E_0x6203ea7e32c0/1 .event posedge, v0x6203ea7e0120_0;
E_0x6203ea7e32c0 .event/or E_0x6203ea7e32c0/0, E_0x6203ea7e32c0/1;
E_0x6203ea7e3340/0 .event edge, v0x6203ea7ddb60_0, v0x6203ea7e38e0_0, v0x6203ea7dec00_0, v0x6203ea7e3820_0;
E_0x6203ea7e3340/1 .event edge, v0x6203ea7b4980_0;
E_0x6203ea7e3340 .event/or E_0x6203ea7e3340/0, E_0x6203ea7e3340/1;
L_0x6203ea7f6e70 .arith/sum 32, v0x6203ea7e3820_0, L_0x7c48bdc9f060;
S_0x6203ea7e3c40 .scope module, "u_regfile" "regfile" 5 121, 10 5 0, S_0x6203ea77eab0;
 .timescale 0 0;
    .port_info 0 /INPUT 1 "clk";
    .port_info 1 /INPUT 1 "rst_n";
    .port_info 2 /INPUT 3 "rs1_idx";
    .port_info 3 /OUTPUT 32 "rs1_data";
    .port_info 4 /INPUT 3 "rs2_idx";
    .port_info 5 /OUTPUT 32 "rs2_data";
    .port_info 6 /INPUT 1 "we";
    .port_info 7 /INPUT 3 "rd_idx";
    .port_info 8 /INPUT 32 "rd_data";
v0x6203ea7e42d0_0 .net "clk", 0 0, v0x6203ea7e6990_0;  alias, 1 drivers
v0x6203ea7e43e0_0 .net "rd_data", 31 0, v0x6203ea7e6740_0;  1 drivers
v0x6203ea7e44c0_0 .net "rd_idx", 2 0, L_0x6203ea7f7650;  alias, 1 drivers
v0x6203ea7e4560 .array "regs", 0 7, 31 0;
v0x6203ea7e4750_0 .var "rs1_data", 31 0;
v0x6203ea7e4860_0 .net "rs1_idx", 2 0, L_0x6203ea7f7470;  alias, 1 drivers
v0x6203ea7e4900_0 .var "rs2_data", 31 0;
v0x6203ea7e49f0_0 .net "rs2_idx", 2 0, L_0x6203ea7f7510;  alias, 1 drivers
v0x6203ea7e4ab0_0 .net "rst_n", 0 0, v0x6203ea7e6a30_0;  alias, 1 drivers
v0x6203ea7e4b80_0 .net "we", 0 0, v0x6203ea7de4a0_0;  alias, 1 drivers
v0x6203ea7e4560_0 .array/port v0x6203ea7e4560, 0;
v0x6203ea7e4560_1 .array/port v0x6203ea7e4560, 1;
v0x6203ea7e4560_2 .array/port v0x6203ea7e4560, 2;
E_0x6203ea7df670/0 .event edge, v0x6203ea7dde00_0, v0x6203ea7e4560_0, v0x6203ea7e4560_1, v0x6203ea7e4560_2;
v0x6203ea7e4560_3 .array/port v0x6203ea7e4560, 3;
v0x6203ea7e4560_4 .array/port v0x6203ea7e4560, 4;
v0x6203ea7e4560_5 .array/port v0x6203ea7e4560, 5;
v0x6203ea7e4560_6 .array/port v0x6203ea7e4560, 6;
E_0x6203ea7df670/1 .event edge, v0x6203ea7e4560_3, v0x6203ea7e4560_4, v0x6203ea7e4560_5, v0x6203ea7e4560_6;
v0x6203ea7e4560_7 .array/port v0x6203ea7e4560, 7;
E_0x6203ea7df670/2 .event edge, v0x6203ea7e4560_7, v0x6203ea7ddfc0_0;
E_0x6203ea7df670 .event/or E_0x6203ea7df670/0, E_0x6203ea7df670/1, E_0x6203ea7df670/2;
S_0x6203ea7e3fd0 .scope begin, "$unm_blk_30" "$unm_blk_30" 10 51, 10 51 0, S_0x6203ea7e3c40;
 .timescale 0 0;
v0x6203ea7e41d0_0 .var/i "i", 31 0;
    .scope S_0x6203ea7e3030;
T_0 ;
Ewait_0 .event/or E_0x6203ea7e3340, E_0x0;
    %wait Ewait_0;
    %load/vec4 v0x6203ea7e39c0_0;
    %dup/vec4;
    %pushi/vec4 0, 0, 2;
    %cmp/u;
    %jmp/1 T_0.0, 6;
    %dup/vec4;
    %pushi/vec4 1, 0, 2;
    %cmp/u;
    %jmp/1 T_0.1, 6;
    %dup/vec4;
    %pushi/vec4 2, 0, 2;
    %cmp/u;
    %jmp/1 T_0.2, 6;
    %load/vec4 v0x6203ea7e38e0_0;
    %store/vec4 v0x6203ea7e3730_0, 0, 32;
    %jmp T_0.4;
T_0.0 ;
    %load/vec4 v0x6203ea7e38e0_0;
    %store/vec4 v0x6203ea7e3730_0, 0, 32;
    %jmp T_0.4;
T_0.1 ;
    %load/vec4 v0x6203ea7e34b0_0;
    %flag_set/vec4 8;
    %jmp/0xz  T_0.5, 8;
    %load/vec4 v0x6203ea7e3820_0;
    %load/vec4 v0x6203ea7e3640_0;
    %add;
    %store/vec4 v0x6203ea7e3730_0, 0, 32;
    %jmp T_0.6;
T_0.5 ;
    %load/vec4 v0x6203ea7e38e0_0;
    %store/vec4 v0x6203ea7e3730_0, 0, 32;
T_0.6 ;
    %jmp T_0.4;
T_0.2 ;
    %load/vec4 v0x6203ea7e3820_0;
    %load/vec4 v0x6203ea7e3640_0;
    %add;
    %store/vec4 v0x6203ea7e3730_0, 0, 32;
    %jmp T_0.4;
T_0.4 ;
    %pop/vec4 1;
    %jmp T_0;
    .thread T_0, $push;
    .scope S_0x6203ea7e3030;
T_1 ;
    %wait E_0x6203ea7e32c0;
    %load/vec4 v0x6203ea7e3a80_0;
    %nor/r;
    %flag_set/vec4 8;
    %jmp/0xz  T_1.0, 8;
    %pushi/vec4 0, 0, 32;
    %assign/vec4 v0x6203ea7e3820_0, 0;
    %jmp T_1.1;
T_1.0 ;
    %load/vec4 v0x6203ea7e3730_0;
    %assign/vec4 v0x6203ea7e3820_0, 0;
T_1.1 ;
    %jmp T_1;
    .thread T_1;
    .scope S_0x6203ea77ec40;
T_2 ;
Ewait_1 .event/or E_0x6203ea7624b0, E_0x0;
    %wait Ewait_1;
    %pushi/vec4 0, 0, 1;
    %store/vec4 v0x6203ea7de300_0, 0, 1;
    %pushi/vec4 0, 0, 1;
    %store/vec4 v0x6203ea7de180_0, 0, 1;
    %pushi/vec4 0, 0, 1;
    %store/vec4 v0x6203ea7de240_0, 0, 1;
    %pushi/vec4 0, 0, 1;
    %store/vec4 v0x6203ea7de4a0_0, 0, 1;
    %pushi/vec4 2, 0, 3;
    %store/vec4 v0x6203ea7849d0_0, 0, 3;
    %pushi/vec4 0, 0, 2;
    %store/vec4 v0x6203ea7de3c0_0, 0, 2;
    %pushi/vec4 0, 0, 2;
    %store/vec4 v0x6203ea7ddb60_0, 0, 2;
    %pushi/vec4 1, 0, 3;
    %store/vec4 v0x6203ea7dd6a0_0, 0, 3;
    %pushi/vec4 0, 0, 1;
    %store/vec4 v0x6203ea7dd900_0, 0, 1;
    %pushi/vec4 0, 0, 1;
    %store/vec4 v0x6203ea7dd9c0_0, 0, 1;
    %pushi/vec4 0, 0, 1;
    %store/vec4 v0x6203ea7dd780_0, 0, 1;
    %pushi/vec4 0, 0, 1;
    %store/vec4 v0x6203ea7dd840_0, 0, 1;
    %pushi/vec4 0, 0, 32;
    %store/vec4 v0x6203ea7b4980_0, 0, 32;
    %load/vec4 v0x6203ea7dda80_0;
    %dup/vec4;
    %pushi/vec4 51, 0, 7;
    %cmp/u;
    %jmp/1 T_2.0, 6;
    %dup/vec4;
    %pushi/vec4 19, 0, 7;
    %cmp/u;
    %jmp/1 T_2.1, 6;
    %dup/vec4;
    %pushi/vec4 3, 0, 7;
    %cmp/u;
    %jmp/1 T_2.2, 6;
    %dup/vec4;
    %pushi/vec4 35, 0, 7;
    %cmp/u;
    %jmp/1 T_2.3, 6;
    %dup/vec4;
    %pushi/vec4 99, 0, 7;
    %cmp/u;
    %jmp/1 T_2.4, 6;
    %dup/vec4;
    %pushi/vec4 111, 0, 7;
    %cmp/u;
    %jmp/1 T_2.5, 6;
    %pushi/vec4 0, 0, 1;
    %store/vec4 v0x6203ea7de300_0, 0, 1;
    %jmp T_2.7;
T_2.0 ;
    %pushi/vec4 1, 0, 1;
    %store/vec4 v0x6203ea7de300_0, 0, 1;
    %pushi/vec4 0, 0, 3;
    %store/vec4 v0x6203ea7dd6a0_0, 0, 3;
    %pushi/vec4 1, 0, 1;
    %store/vec4 v0x6203ea7de180_0, 0, 1;
    %pushi/vec4 1, 0, 1;
    %store/vec4 v0x6203ea7de240_0, 0, 1;
    %pushi/vec4 1, 0, 1;
    %store/vec4 v0x6203ea7de4a0_0, 0, 1;
    %pushi/vec4 1, 0, 2;
    %store/vec4 v0x6203ea7de3c0_0, 0, 2;
    %load/vec4 v0x6203ea7b48e0_0;
    %dup/vec4;
    %pushi/vec4 0, 0, 7;
    %cmp/u;
    %jmp/1 T_2.8, 6;
    %dup/vec4;
    %pushi/vec4 32, 0, 7;
    %cmp/u;
    %jmp/1 T_2.9, 6;
    %pushi/vec4 0, 0, 1;
    %store/vec4 v0x6203ea7de300_0, 0, 1;
    %jmp T_2.11;
T_2.8 ;
    %pushi/vec4 0, 0, 3;
    %store/vec4 v0x6203ea7849d0_0, 0, 3;
    %jmp T_2.11;
T_2.9 ;
    %pushi/vec4 1, 0, 3;
    %store/vec4 v0x6203ea7849d0_0, 0, 3;
    %jmp T_2.11;
T_2.11 ;
    %pop/vec4 1;
    %jmp T_2.7;
T_2.1 ;
    %load/vec4 v0x6203ea7c3570_0;
    %cmpi/e 0, 0, 3;
    %jmp/0xz  T_2.12, 4;
    %pushi/vec4 1, 0, 1;
    %store/vec4 v0x6203ea7de300_0, 0, 1;
    %pushi/vec4 1, 0, 3;
    %store/vec4 v0x6203ea7dd6a0_0, 0, 3;
    %pushi/vec4 1, 0, 1;
    %store/vec4 v0x6203ea7de180_0, 0, 1;
    %pushi/vec4 1, 0, 1;
    %store/vec4 v0x6203ea7de4a0_0, 0, 1;
    %pushi/vec4 0, 0, 3;
    %store/vec4 v0x6203ea7849d0_0, 0, 3;
    %pushi/vec4 1, 0, 2;
    %store/vec4 v0x6203ea7de3c0_0, 0, 2;
    %load/vec4 v0x6203ea7dd570_0;
    %parti/s 1, 31, 6;
    %replicate 20;
    %load/vec4 v0x6203ea7dd570_0;
    %parti/s 12, 20, 6;
    %concat/vec4; draw_concat_vec4
    %store/vec4 v0x6203ea7b4980_0, 0, 32;
T_2.12 ;
    %jmp T_2.7;
T_2.2 ;
    %load/vec4 v0x6203ea7c3570_0;
    %cmpi/e 2, 0, 3;
    %jmp/0xz  T_2.14, 4;
    %pushi/vec4 1, 0, 1;
    %store/vec4 v0x6203ea7de300_0, 0, 1;
    %pushi/vec4 1, 0, 3;
    %store/vec4 v0x6203ea7dd6a0_0, 0, 3;
    %pushi/vec4 1, 0, 1;
    %store/vec4 v0x6203ea7de180_0, 0, 1;
    %pushi/vec4 1, 0, 1;
    %store/vec4 v0x6203ea7de4a0_0, 0, 1;
    %pushi/vec4 0, 0, 3;
    %store/vec4 v0x6203ea7849d0_0, 0, 3;
    %pushi/vec4 2, 0, 2;
    %store/vec4 v0x6203ea7de3c0_0, 0, 2;
    %pushi/vec4 1, 0, 1;
    %store/vec4 v0x6203ea7dd900_0, 0, 1;
    %load/vec4 v0x6203ea7dd570_0;
    %parti/s 1, 31, 6;
    %replicate 20;
    %load/vec4 v0x6203ea7dd570_0;
    %parti/s 12, 20, 6;
    %concat/vec4; draw_concat_vec4
    %store/vec4 v0x6203ea7b4980_0, 0, 32;
T_2.14 ;
    %jmp T_2.7;
T_2.3 ;
    %load/vec4 v0x6203ea7c3570_0;
    %cmpi/e 2, 0, 3;
    %jmp/0xz  T_2.16, 4;
    %pushi/vec4 1, 0, 1;
    %store/vec4 v0x6203ea7de300_0, 0, 1;
    %pushi/vec4 2, 0, 3;
    %store/vec4 v0x6203ea7dd6a0_0, 0, 3;
    %pushi/vec4 1, 0, 1;
    %store/vec4 v0x6203ea7de180_0, 0, 1;
    %pushi/vec4 1, 0, 1;
    %store/vec4 v0x6203ea7de240_0, 0, 1;
    %pushi/vec4 0, 0, 3;
    %store/vec4 v0x6203ea7849d0_0, 0, 3;
    %pushi/vec4 1, 0, 1;
    %store/vec4 v0x6203ea7dd9c0_0, 0, 1;
    %load/vec4 v0x6203ea7dd570_0;
    %parti/s 1, 31, 6;
    %replicate 20;
    %load/vec4 v0x6203ea7dd570_0;
    %parti/s 7, 25, 6;
    %concat/vec4; draw_concat_vec4
    %load/vec4 v0x6203ea7dd570_0;
    %parti/s 5, 7, 4;
    %concat/vec4; draw_concat_vec4
    %store/vec4 v0x6203ea7b4980_0, 0, 32;
T_2.16 ;
    %jmp T_2.7;
T_2.4 ;
    %load/vec4 v0x6203ea7c3570_0;
    %cmpi/e 0, 0, 3;
    %jmp/0xz  T_2.18, 4;
    %pushi/vec4 1, 0, 1;
    %store/vec4 v0x6203ea7de300_0, 0, 1;
    %pushi/vec4 3, 0, 3;
    %store/vec4 v0x6203ea7dd6a0_0, 0, 3;
    %pushi/vec4 1, 0, 1;
    %store/vec4 v0x6203ea7de180_0, 0, 1;
    %pushi/vec4 1, 0, 1;
    %store/vec4 v0x6203ea7de240_0, 0, 1;
    %pushi/vec4 1, 0, 3;
    %store/vec4 v0x6203ea7849d0_0, 0, 3;
    %pushi/vec4 1, 0, 1;
    %store/vec4 v0x6203ea7dd780_0, 0, 1;
    %pushi/vec4 1, 0, 2;
    %store/vec4 v0x6203ea7ddb60_0, 0, 2;
    %load/vec4 v0x6203ea7dd570_0;
    %parti/s 1, 31, 6;
    %replicate 19;
    %load/vec4 v0x6203ea7dd570_0;
    %parti/s 1, 31, 6;
    %concat/vec4; draw_concat_vec4
    %load/vec4 v0x6203ea7dd570_0;
    %parti/s 1, 7, 4;
    %concat/vec4; draw_concat_vec4
    %load/vec4 v0x6203ea7dd570_0;
    %parti/s 6, 25, 6;
    %concat/vec4; draw_concat_vec4
    %load/vec4 v0x6203ea7dd570_0;
    %parti/s 4, 8, 5;
    %concat/vec4; draw_concat_vec4
    %concati/vec4 0, 0, 1;
    %store/vec4 v0x6203ea7b4980_0, 0, 32;
T_2.18 ;
    %jmp T_2.7;
T_2.5 ;
    %pushi/vec4 1, 0, 1;
    %store/vec4 v0x6203ea7de300_0, 0, 1;
    %pushi/vec4 4, 0, 3;
    %store/vec4 v0x6203ea7dd6a0_0, 0, 3;
    %pushi/vec4 1, 0, 1;
    %store/vec4 v0x6203ea7de4a0_0, 0, 1;
    %pushi/vec4 3, 0, 2;
    %store/vec4 v0x6203ea7de3c0_0, 0, 2;
    %pushi/vec4 2, 0, 2;
    %store/vec4 v0x6203ea7ddb60_0, 0, 2;
    %pushi/vec4 1, 0, 1;
    %store/vec4 v0x6203ea7dd840_0, 0, 1;
    %load/vec4 v0x6203ea7dd570_0;
    %parti/s 1, 31, 6;
    %replicate 11;
    %load/vec4 v0x6203ea7dd570_0;
    %parti/s 1, 31, 6;
    %concat/vec4; draw_concat_vec4
    %load/vec4 v0x6203ea7dd570_0;
    %parti/s 8, 12, 5;
    %concat/vec4; draw_concat_vec4
    %load/vec4 v0x6203ea7dd570_0;
    %parti/s 1, 20, 6;
    %concat/vec4; draw_concat_vec4
    %load/vec4 v0x6203ea7dd570_0;
    %parti/s 10, 21, 6;
    %concat/vec4; draw_concat_vec4
    %concati/vec4 0, 0, 1;
    %store/vec4 v0x6203ea7b4980_0, 0, 32;
    %jmp T_2.7;
T_2.7 ;
    %pop/vec4 1;
    %jmp T_2;
    .thread T_2, $push;
    .scope S_0x6203ea7e3c40;
T_3 ;
Ewait_2 .event/or E_0x6203ea7df670, E_0x0;
    %wait Ewait_2;
    %load/vec4 v0x6203ea7e4860_0;
    %cmpi/e 0, 0, 3;
    %jmp/0xz  T_3.0, 4;
    %pushi/vec4 0, 0, 32;
    %store/vec4 v0x6203ea7e4750_0, 0, 32;
    %jmp T_3.1;
T_3.0 ;
    %load/vec4 v0x6203ea7e4860_0;
    %pad/u 5;
    %ix/vec4 4;
    %load/vec4a v0x6203ea7e4560, 4;
    %store/vec4 v0x6203ea7e4750_0, 0, 32;
T_3.1 ;
    %load/vec4 v0x6203ea7e49f0_0;
    %cmpi/e 0, 0, 3;
    %jmp/0xz  T_3.2, 4;
    %pushi/vec4 0, 0, 32;
    %store/vec4 v0x6203ea7e4900_0, 0, 32;
    %jmp T_3.3;
T_3.2 ;
    %load/vec4 v0x6203ea7e49f0_0;
    %pad/u 5;
    %ix/vec4 4;
    %load/vec4a v0x6203ea7e4560, 4;
    %store/vec4 v0x6203ea7e4900_0, 0, 32;
T_3.3 ;
    %jmp T_3;
    .thread T_3, $push;
    .scope S_0x6203ea7e3c40;
T_4 ;
    %wait E_0x6203ea7e32c0;
    %load/vec4 v0x6203ea7e4ab0_0;
    %nor/r;
    %flag_set/vec4 8;
    %jmp/0xz  T_4.0, 8;
    %fork t_1, S_0x6203ea7e3fd0;
    %jmp t_0;
    .scope S_0x6203ea7e3fd0;
t_1 ;
    %pushi/vec4 0, 0, 32;
    %store/vec4 v0x6203ea7e41d0_0, 0, 32;
T_4.2 ;
    %load/vec4 v0x6203ea7e41d0_0;
    %cmpi/s 8, 0, 32;
    %jmp/0xz T_4.3, 5;
    %pushi/vec4 0, 0, 32;
    %ix/getv/s 3, v0x6203ea7e41d0_0;
    %ix/load 4, 0, 0; Constant delay
    %assign/vec4/a/d v0x6203ea7e4560, 0, 4;
    %load/vec4 v0x6203ea7e41d0_0;
    %addi 1, 0, 32;
    %store/vec4 v0x6203ea7e41d0_0, 0, 32;
    %jmp T_4.2;
T_4.3 ;
    %end;
    .scope S_0x6203ea7e3c40;
t_0 %join;
    %jmp T_4.1;
T_4.0 ;
    %load/vec4 v0x6203ea7e4b80_0;
    %load/vec4 v0x6203ea7e44c0_0;
    %pushi/vec4 0, 0, 3;
    %cmp/ne;
    %flag_get/vec4 4;
    %and;
    %flag_set/vec4 8;
    %jmp/0xz  T_4.4, 8;
    %load/vec4 v0x6203ea7e43e0_0;
    %load/vec4 v0x6203ea7e44c0_0;
    %pad/u 5;
    %ix/vec4 3;
    %ix/load 4, 0, 0; Constant delay
    %assign/vec4/a/d v0x6203ea7e4560, 0, 4;
T_4.4 ;
T_4.1 ;
    %jmp T_4;
    .thread T_4;
    .scope S_0x6203ea7de780;
T_5 ;
Ewait_3 .event/or E_0x6203ea7c4260, E_0x0;
    %wait Ewait_3;
    %load/vec4 v0x6203ea7deaa0_0;
    %dup/vec4;
    %pushi/vec4 0, 0, 3;
    %cmp/u;
    %jmp/1 T_5.0, 6;
    %dup/vec4;
    %pushi/vec4 1, 0, 3;
    %cmp/u;
    %jmp/1 T_5.1, 6;
    %dup/vec4;
    %pushi/vec4 2, 0, 3;
    %cmp/u;
    %jmp/1 T_5.2, 6;
    %pushi/vec4 0, 0, 32;
    %store/vec4 v0x6203ea7deb60_0, 0, 32;
    %jmp T_5.4;
T_5.0 ;
    %load/vec4 v0x6203ea7df050_0;
    %load/vec4 v0x6203ea7de9a0_0;
    %add;
    %store/vec4 v0x6203ea7deb60_0, 0, 32;
    %jmp T_5.4;
T_5.1 ;
    %load/vec4 v0x6203ea7df050_0;
    %load/vec4 v0x6203ea7de9a0_0;
    %sub;
    %store/vec4 v0x6203ea7deb60_0, 0, 32;
    %jmp T_5.4;
T_5.2 ;
    %load/vec4 v0x6203ea7de9a0_0;
    %store/vec4 v0x6203ea7deb60_0, 0, 32;
    %jmp T_5.4;
T_5.4 ;
    %pop/vec4 1;
    %jmp T_5;
    .thread T_5, $push;
    .scope S_0x6203ea7de780;
T_6 ;
Ewait_4 .event/or E_0x6203ea7c42a0, E_0x0;
    %wait Ewait_4;
    %load/vec4 v0x6203ea7dedd0_0;
    %flag_set/vec4 8;
    %jmp/0xz  T_6.0, 8;
    %load/vec4 v0x6203ea7df050_0;
    %load/vec4 v0x6203ea7df0f0_0;
    %cmp/e;
    %flag_get/vec4 4;
    %store/vec4 v0x6203ea7dec00_0, 0, 1;
    %jmp T_6.1;
T_6.0 ;
    %pushi/vec4 0, 0, 1;
    %store/vec4 v0x6203ea7dec00_0, 0, 1;
T_6.1 ;
    %jmp T_6;
    .thread T_6, $push;
    .scope S_0x6203ea7de780;
T_7 ;
Ewait_5 .event/or E_0x6203ea747f30, E_0x0;
    %wait Ewait_5;
    %load/vec4 v0x6203ea7dee70_0;
    %flag_set/vec4 8;
    %load/vec4 v0x6203ea7def10_0;
    %flag_set/vec4 9;
    %flag_or 9, 8;
    %jmp/0xz  T_7.0, 9;
    %load/vec4 v0x6203ea7df050_0;
    %load/vec4 v0x6203ea7decc0_0;
    %add;
    %store/vec4 v0x6203ea7defb0_0, 0, 32;
    %jmp T_7.1;
T_7.0 ;
    %pushi/vec4 0, 0, 32;
    %store/vec4 v0x6203ea7defb0_0, 0, 32;
T_7.1 ;
    %jmp T_7;
    .thread T_7, $push;
    .scope S_0x6203ea7df410;
T_8 ;
Ewait_6 .event/or E_0x6203ea7df7b0, E_0x0;
    %wait Ewait_6;
    %load/vec4 v0x6203ea7e01c0_0;
    %flag_set/vec4 8;
    %jmp/0xz  T_8.0, 8;
    %load/vec4 v0x6203ea7e2e70_0;
    %pad/u 10;
    %ix/vec4 4;
    %load/vec4a v0x6203ea7e04e0, 4;
    %store/vec4 v0x6203ea7e03d0_0, 0, 32;
    %jmp T_8.1;
T_8.0 ;
    %pushi/vec4 0, 0, 32;
    %store/vec4 v0x6203ea7e03d0_0, 0, 32;
T_8.1 ;
    %jmp T_8;
    .thread T_8, $push;
    .scope S_0x6203ea7df410;
T_9 ;
    %wait E_0x6203ea7df750;
    %load/vec4 v0x6203ea7e02e0_0;
    %flag_set/vec4 8;
    %jmp/0xz  T_9.0, 8;
    %load/vec4 v0x6203ea7e2db0_0;
    %load/vec4 v0x6203ea7e2e70_0;
    %pad/u 10;
    %ix/vec4 3;
    %ix/load 4, 0, 0; Constant delay
    %assign/vec4/a/d v0x6203ea7e04e0, 0, 4;
T_9.0 ;
    %jmp T_9;
    .thread T_9;
    .scope S_0x6203ea77eab0;
T_10 ;
    %vpi_call/w 5 170 "$readmemh", "programs/program.hex", v0x6203ea7e5610 {0 0 0};
    %end;
    .thread T_10;
    .scope S_0x6203ea77eab0;
T_11 ;
Ewait_7 .event/or E_0x6203ea763500, E_0x0;
    %wait Ewait_7;
    %load/vec4 v0x6203ea7e67e0_0;
    %dup/vec4;
    %pushi/vec4 1, 0, 2;
    %cmp/u;
    %jmp/1 T_11.0, 6;
    %dup/vec4;
    %pushi/vec4 2, 0, 2;
    %cmp/u;
    %jmp/1 T_11.1, 6;
    %dup/vec4;
    %pushi/vec4 3, 0, 2;
    %cmp/u;
    %jmp/1 T_11.2, 6;
    %pushi/vec4 0, 0, 32;
    %store/vec4 v0x6203ea7e6740_0, 0, 32;
    %jmp T_11.4;
T_11.0 ;
    %load/vec4 v0x6203ea7e51d0_0;
    %store/vec4 v0x6203ea7e6740_0, 0, 32;
    %jmp T_11.4;
T_11.1 ;
    %load/vec4 v0x6203ea7e59f0_0;
    %store/vec4 v0x6203ea7e6740_0, 0, 32;
    %jmp T_11.4;
T_11.2 ;
    %load/vec4 v0x6203ea7e5d60_0;
    %store/vec4 v0x6203ea7e6740_0, 0, 32;
    %jmp T_11.4;
T_11.4 ;
    %pop/vec4 1;
    %jmp T_11;
    .thread T_11, $push;
    .scope S_0x6203ea77eab0;
T_12 ;
    %wait E_0x6203ea7df750;
    %vpi_call/w 5 186 "$display", "PC=%08x instr=%08x rd=%0d wb=%08x", v0x6203ea7e5cc0_0, v0x6203ea7e5550_0, v0x6203ea7e5f20_0, v0x6203ea7e6740_0 {0 0 0};
    %jmp T_12;
    .thread T_12;
    .scope S_0x6203ea77e920;
T_13 ;
    %pushi/vec4 0, 0, 1;
    %store/vec4 v0x6203ea7e6990_0, 0, 1;
    %end;
    .thread T_13;
    .scope S_0x6203ea77e920;
T_14 ;
    %delay 5000, 0;
    %load/vec4 v0x6203ea7e6990_0;
    %inv;
    %store/vec4 v0x6203ea7e6990_0, 0, 1;
    %jmp T_14;
    .thread T_14;
    .scope S_0x6203ea77e920;
T_15 ;
    %pushi/vec4 0, 0, 1;
    %store/vec4 v0x6203ea7e6a30_0, 0, 1;
    %delay 20000, 0;
    %pushi/vec4 1, 0, 1;
    %store/vec4 v0x6203ea7e6a30_0, 0, 1;
    %end;
    .thread T_15;
    .scope S_0x6203ea77e920;
T_16 ;
    %vpi_call/w 4 35 "$dumpfile", "waves/core.vcd" {0 0 0};
    %vpi_call/w 4 36 "$dumpvars", 32'sb00000000000000000000000000000000, S_0x6203ea77e920 {0 0 0};
    %delay 500000, 0;
    %vpi_call/w 4 39 "$finish" {0 0 0};
    %end;
    .thread T_16;
# The file index is used to find the file name in the following table.
:file_names 11;
    "N/A";
    "<interactive>";
    "-";
    "rtl/common/riscv_defs.sv";
    "tb/tb_core.sv";
    "rtl/core/core_top.sv";
    "rtl/core/decoder.sv";
    "rtl/core/execute.sv";
    "rtl/core/memory_unit.sv";
    "rtl/core/pc_unit.sv";
    "rtl/core/regfile.sv";
